Arguments: 
  C:\Program Files\nodejs\node.exe C:\Users\tanju\AppData\Roaming\npm\node_modules\yarn\bin\yarn.js add react-redux

PATH: 
  C:\Windows\system32;C:\Windows;C:\Windows\System32\Wbem;C:\Windows\System32\WindowsPowerShell\v1.0\;C:\Windows\System32\OpenSSH\;C:\Program Files\nodejs\;C:\Program Files\Git\cmd;C:\Program Files (x86)\Microsoft SQL Server\150\Tools\Binn\;C:\Program Files\Microsoft SQL Server\150\Tools\Binn\;C:\Program Files (x86)\Microsoft SQL Server\150\DTS\Binn\;C:\Program Files\Microsoft SQL Server\150\DTS\Binn\;C:\Program Files\Microsoft SQL Server\Client SDK\ODBC\170\Tools\Binn\;C:\Program Files\Azure Data Studio\bin;C:\Program Files\Inkscape\bin;C:\Users\tanju\AppData\Local\Programs\Python\Python310\Scripts\;C:\Users\tanju\AppData\Local\Programs\Python\Python310\;C:\Users\tanju\AppData\Local\Microsoft\WindowsApps;C:\Users\tanju\AppData\Local\Programs\Microsoft VS Code\bin;C:\Users\tanju\AppData\Local\GitHubDesktop\bin;C:\Users\tanju\AppData\Roaming\npm;C:\Program Files\Azure Data Studio\bin

Yarn version: 
  1.22.17

Node version: 
  14.18.1

Platform: 
  win32 x64

Trace: 
  Error: EPERM: operation not permitted, unlink 'C:\Users\tanju\Desktop\ortaklar-ui\node_modules\node-sass\vendor\win32-x64-83\binding.node'

npm manifest: 
  {
    "name": "ortaklar-ui",
    "version": "0.1.0",
    "private": true,
    "dependencies": {
      "@emotion/react": "^11.5.0",
      "@emotion/styled": "^11.3.0",
      "@fortawesome/fontawesome-free": "^5.15.4",
      "@fortawesome/fontawesome-svg-core": "^1.2.36",
      "@fortawesome/free-solid-svg-icons": "^5.15.4",
      "@fortawesome/react-fontawesome": "^0.1.16",
      "@mui/icons-material": "^5.1.1",
      "@mui/material": "^5.0.6",
      "@mui/styled-engine-sc": "^5.0.4",
      "@mui/styles": "^5.1.0",
      "@testing-library/jest-dom": "^5.11.4",
      "@testing-library/react": "^11.1.0",
      "@testing-library/user-event": "^12.1.10",
      "material-ui-image": "^3.3.2",
      "node-sass": "^4.14.1",
      "react": "^17.0.2",
      "react-dom": "^17.0.2",
      "react-player": "^2.9.0",
      "react-router-dom": "^5.3.0",
      "react-scripts": "^4.0.3",
      "react-slick": "^0.28.1",
      "screenfull": "^6.0.0",
      "slick-carousel": "^1.8.1",
      "styled-components": "^5.3.3",
      "swiper": "6.8.4",
      "web-vitals": "^1.0.1"
    },
    "scripts": {
      "start": "react-scripts start",
      "build": "react-scripts build",
      "test": "react-scripts test",
      "eject": "react-scripts eject"
    },
    "eslintConfig": {
      "extends": [
        "react-app",
        "react-app/jest"
      ]
    },
    "browserslist": {
      "production": [
        ">0.2%",
        "not dead",
        "not op_mini all"
      ],
      "development": [
        "last 1 chrome version",
        "last 1 firefox version",
        "last 1 safari version"
      ]
    },
    "devDependencies": {
      "@babel/core": "^7.16.5",
      "@babel/preset-env": "^7.16.5",
      
      "webpack": "^4.44.2"
    }
  }

yarn manifest: 
  No manifest

Lockfile: 
  No lockfile
